#
# There is insufficient memory for the Java Runtime Environment to continue.
# Native memory allocation (malloc) failed to allocate 32744 bytes for ChunkPool::allocate
# Possible reasons:
#   The system is out of physical RAM or swap space
#   The process is running with CompressedOops enabled, and the Java Heap may be blocking the growth of the native heap
# Possible solutions:
#   Reduce memory load on the system
#   Increase physical memory or swap space
#   Check if swap backing store is full
#   Decrease Java heap size (-Xmx/-Xms)
#   Decrease number of Java threads
#   Decrease Java thread stack sizes (-Xss)
#   Set larger code cache with -XX:ReservedCodeCacheSize=
#   JVM is running with Unscaled Compressed Oops mode in which the Java heap is
#     placed in the first 4GB address space. The Java Heap base address is the
#     maximum limit for the native heap growth. Please use -XX:HeapBaseMinAddress
#     to set the Java Heap base and to place the Java Heap above 4GB virtual address.
# This output file may be truncated or incomplete.
#
#  Out of Memory Error (./open/src/hotspot/share/memory/arena.cpp:79), pid=9944, tid=19212
#
# JRE version: Java(TM) SE Runtime Environment (14.0.2+12) (build 14.0.2+12-46)
# Java VM: Java HotSpot(TM) 64-Bit Server VM (14.0.2+12-46, mixed mode, sharing, tiered, compressed oops, g1 gc, windows-amd64)
# No core dump will be written. Minidumps are not enabled by default on client versions of Windows
#

---------------  S U M M A R Y ------------

Command Line: -Dfile.encoding=Cp1252 Gui.ConnectGui

Host: Intel(R) Core(TM) i3-2350M CPU @ 2.30GHz, 4 cores, 5G,  Windows 10 , 64 bit Build 16299 (10.0.16299.15)
Time: Thu Nov 12 19:27:39 2020 India Standard Time elapsed time: 0 seconds (0d 0h 0m 0s)

---------------  T H R E A D  ---------------

Current thread (0x00000283b7e3e800):  JavaThread "C1 CompilerThread0" daemon [_thread_in_native, id=19212, stack(0x000000a9c2200000,0x000000a9c2300000)]


Current CompileTask:
C1:    684  219       3       jdk.internal.org.objectweb.asm.Frame::execute (2305 bytes)

Stack: [0x000000a9c2200000,0x000000a9c2300000]
Native frames: (J=compiled Java code, j=interpreted, Vv=VM code, C=native code)
V  [jvm.dll+0x5f8a9a]
V  [jvm.dll+0x74247a]
V  [jvm.dll+0x743c2f]
V  [jvm.dll+0x744273]
V  [jvm.dll+0x20d288]
V  [jvm.dll+0xabea6]
V  [jvm.dll+0xac1fc]
V  [jvm.dll+0x14b669]
V  [jvm.dll+0x14342e]
V  [jvm.dll+0x12fad0]
V  [jvm.dll+0x117ac9]
V  [jvm.dll+0x1173cf]
V  [jvm.dll+0x1175ff]
V  [jvm.dll+0x116884]
V  [jvm.dll+0x1187d7]
V  [jvm.dll+0x1f4105]
V  [jvm.dll+0x1f22eb]
V  [jvm.dll+0x7070cd]
V  [jvm.dll+0x6ffeda]
V  [jvm.dll+0x5f78f6]
C  [ucrtbase.dll+0x1dc05]
C  [KERNEL32.DLL+0x11fe4]
C  [ntdll.dll+0x6efc1]


---------------  P R O C E S S  ---------------

Threads class SMR info:
_java_thread_list=0x00000283b8c5cbb0, length=11, elements={
0x000002839a929800, 0x00000283b7e0d800, 0x00000283b7e0e800, 0x00000283b7e2a800,
0x00000283b7e2e000, 0x00000283b7e30000, 0x00000283b7e39000, 0x00000283b7e3e800,
0x00000283b7e3f800, 0x00000283b8c77000, 0x00000283b8c89000
}

Java Threads: ( => current thread )
  0x000002839a929800 JavaThread "main" [_thread_in_Java, id=18988, stack(0x000000a9c1400000,0x000000a9c1500000)]
  0x00000283b7e0d800 JavaThread "Reference Handler" daemon [_thread_blocked, id=17844, stack(0x000000a9c1b00000,0x000000a9c1c00000)]
  0x00000283b7e0e800 JavaThread "Finalizer" daemon [_thread_blocked, id=7068, stack(0x000000a9c1c00000,0x000000a9c1d00000)]
  0x00000283b7e2a800 JavaThread "Signal Dispatcher" daemon [_thread_blocked, id=12328, stack(0x000000a9c1e00000,0x000000a9c1f00000)]
  0x00000283b7e2e000 JavaThread "Attach Listener" daemon [_thread_blocked, id=8276, stack(0x000000a9c1f00000,0x000000a9c2000000)]
  0x00000283b7e30000 JavaThread "Service Thread" daemon [_thread_blocked, id=1252, stack(0x000000a9c2000000,0x000000a9c2100000)]
  0x00000283b7e39000 JavaThread "C2 CompilerThread0" daemon [_thread_blocked, id=6072, stack(0x000000a9c2100000,0x000000a9c2200000)]
=>0x00000283b7e3e800 JavaThread "C1 CompilerThread0" daemon [_thread_in_native, id=19212, stack(0x000000a9c2200000,0x000000a9c2300000)]
  0x00000283b7e3f800 JavaThread "Sweeper thread" daemon [_thread_blocked, id=19704, stack(0x000000a9c2300000,0x000000a9c2400000)]
  0x00000283b8c77000 JavaThread "Notification Thread" daemon [_thread_blocked, id=18588, stack(0x000000a9c2400000,0x000000a9c2500000)]
  0x00000283b8c89000 JavaThread "Common-Cleaner" daemon [_thread_blocked, id=8124, stack(0x000000a9c2600000,0x000000a9c2700000)]

Other Threads:
  0x00000283b7e0c800 VMThread "VM Thread" [stack: 0x000000a9c1a00000,0x000000a9c1b00000] [id=16864]
  0x00000283b8c80000 WatcherThread [stack: 0x000000a9c2500000,0x000000a9c2600000] [id=6344]
  0x000002839a963000 GCTaskThread "GC Thread#0" [stack: 0x000000a9c1500000,0x000000a9c1600000] [id=19452]
  0x000002839a972800 ConcurrentGCThread "G1 Main Marker" [stack: 0x000000a9c1600000,0x000000a9c1700000] [id=18752]
  0x000002839a973800 ConcurrentGCThread "G1 Conc#0" [stack: 0x000000a9c1700000,0x000000a9c1800000] [id=12236]
  0x000002839a9fe000 ConcurrentGCThread "G1 Refine#0" [stack: 0x000000a9c1800000,0x000000a9c1900000] [id=18520]
  0x00000283b7c84800 ConcurrentGCThread "G1 Young RemSet Sampling" [stack: 0x000000a9c1900000,0x000000a9c1a00000] [id=1876]

Threads with active compile tasks:
C1 CompilerThread0      795  219       3       jdk.internal.org.objectweb.asm.Frame::execute (2305 bytes)

VM state:not at safepoint (normal execution)

VM Mutex/Monitor currently owned by a thread: None

Heap address: 0x00000000a1600000, size: 1514 MB, Compressed Oops mode: 32-bit
Narrow klass base: 0x0000000800000000, Narrow klass shift: 3
Compressed class space size: 1073741824 Address: 0x0000000800b30000

Heap:
 garbage-first heap   total 98304K, used 1024K [0x00000000a1600000, 0x0000000100000000)
  region size 1024K, 2 young (2048K), 0 survivors (0K)
 Metaspace       used 1601K, capacity 1937K, committed 2048K, reserved 1060864K
  class space    used 161K, capacity 450K, committed 512K, reserved 1048576K
Heap Regions: E=young(eden), S=young(survivor), O=old, HS=humongous(starts), HC=humongous(continues), CS=collection set, F=free, OA=open archive, CA=closed archive, TAMS=top-at-mark-start (previous, next)
|   0|0x00000000a1600000, 0x00000000a1600000, 0x00000000a1700000|  0%| F|  |TAMS 0x00000000a1600000, 0x00000000a1600000| Untracked 
|   1|0x00000000a1700000, 0x00000000a1700000, 0x00000000a1800000|  0%| F|  |TAMS 0x00000000a1700000, 0x00000000a1700000| Untracked 
|   2|0x00000000a1800000, 0x00000000a1800000, 0x00000000a1900000|  0%| F|  |TAMS 0x00000000a1800000, 0x00000000a1800000| Untracked 
|   3|0x00000000a1900000, 0x00000000a1900000, 0x00000000a1a00000|  0%| F|  |TAMS 0x00000000a1900000, 0x00000000a1900000| Untracked 
|   4|0x00000000a1a00000, 0x00000000a1a00000, 0x00000000a1b00000|  0%| F|  |TAMS 0x00000000a1a00000, 0x00000000a1a00000| Untracked 
|   5|0x00000000a1b00000, 0x00000000a1b00000, 0x00000000a1c00000|  0%| F|  |TAMS 0x00000000a1b00000, 0x00000000a1b00000| Untracked 
|   6|0x00000000a1c00000, 0x00000000a1c00000, 0x00000000a1d00000|  0%| F|  |TAMS 0x00000000a1c00000, 0x00000000a1c00000| Untracked 
|   7|0x00000000a1d00000, 0x00000000a1d00000, 0x00000000a1e00000|  0%| F|  |TAMS 0x00000000a1d00000, 0x00000000a1d00000| Untracked 
|   8|0x00000000a1e00000, 0x00000000a1e00000, 0x00000000a1f00000|  0%| F|  |TAMS 0x00000000a1e00000, 0x00000000a1e00000| Untracked 
|   9|0x00000000a1f00000, 0x00000000a1f00000, 0x00000000a2000000|  0%| F|  |TAMS 0x00000000a1f00000, 0x00000000a1f00000| Untracked 
|  10|0x00000000a2000000, 0x00000000a2000000, 0x00000000a2100000|  0%| F|  |TAMS 0x00000000a2000000, 0x00000000a2000000| Untracked 
|  11|0x00000000a2100000, 0x00000000a2100000, 0x00000000a2200000|  0%| F|  |TAMS 0x00000000a2100000, 0x00000000a2100000| Untracked 
|  12|0x00000000a2200000, 0x00000000a2200000, 0x00000000a2300000|  0%| F|  |TAMS 0x00000000a2200000, 0x00000000a2200000| Untracked 
|  13|0x00000000a2300000, 0x00000000a2300000, 0x00000000a2400000|  0%| F|  |TAMS 0x00000000a2300000, 0x00000000a2300000| Untracked 
|  14|0x00000000a2400000, 0x00000000a2400000, 0x00000000a2500000|  0%| F|  |TAMS 0x00000000a2400000, 0x00000000a2400000| Untracked 
|  15|0x00000000a2500000, 0x00000000a2500000, 0x00000000a2600000|  0%| F|  |TAMS 0x00000000a2500000, 0x00000000a2500000| Untracked 
|  16|0x00000000a2600000, 0x00000000a2600000, 0x00000000a2700000|  0%| F|  |TAMS 0x00000000a2600000, 0x00000000a2600000| Untracked 
|  17|0x00000000a2700000, 0x00000000a2700000, 0x00000000a2800000|  0%| F|  |TAMS 0x00000000a2700000, 0x00000000a2700000| Untracked 
|  18|0x00000000a2800000, 0x00000000a2800000, 0x00000000a2900000|  0%| F|  |TAMS 0x00000000a2800000, 0x00000000a2800000| Untracked 
|  19|0x00000000a2900000, 0x00000000a2900000, 0x00000000a2a00000|  0%| F|  |TAMS 0x00000000a2900000, 0x00000000a2900000| Untracked 
|  20|0x00000000a2a00000, 0x00000000a2a00000, 0x00000000a2b00000|  0%| F|  |TAMS 0x00000000a2a00000, 0x00000000a2a00000| Untracked 
|  21|0x00000000a2b00000, 0x00000000a2b00000, 0x00000000a2c00000|  0%| F|  |TAMS 0x00000000a2b00000, 0x00000000a2b00000| Untracked 
|  22|0x00000000a2c00000, 0x00000000a2c00000, 0x00000000a2d00000|  0%| F|  |TAMS 0x00000000a2c00000, 0x00000000a2c00000| Untracked 
|  23|0x00000000a2d00000, 0x00000000a2d00000, 0x00000000a2e00000|  0%| F|  |TAMS 0x00000000a2d00000, 0x00000000a2d00000| Untracked 
|  24|0x00000000a2e00000, 0x00000000a2e00000, 0x00000000a2f00000|  0%| F|  |TAMS 0x00000000a2e00000, 0x00000000a2e00000| Untracked 
|  25|0x00000000a2f00000, 0x00000000a2f00000, 0x00000000a3000000|  0%| F|  |TAMS 0x00000000a2f00000, 0x00000000a2f00000| Untracked 
|  26|0x00000000a3000000, 0x00000000a3000000, 0x00000000a3100000|  0%| F|  |TAMS 0x00000000a3000000, 0x00000000a3000000| Untracked 
|  27|0x00000000a3100000, 0x00000000a3100000, 0x00000000a3200000|  0%| F|  |TAMS 0x00000000a3100000, 0x00000000a3100000| Untracked 
|  28|0x00000000a3200000, 0x00000000a3200000, 0x00000000a3300000|  0%| F|  |TAMS 0x00000000a3200000, 0x00000000a3200000| Untracked 
|  29|0x00000000a3300000, 0x00000000a3300000, 0x00000000a3400000|  0%| F|  |TAMS 0x00000000a3300000, 0x00000000a3300000| Untracked 
|  30|0x00000000a3400000, 0x00000000a3400000, 0x00000000a3500000|  0%| F|  |TAMS 0x00000000a3400000, 0x00000000a3400000| Untracked 
|  31|0x00000000a3500000, 0x00000000a3500000, 0x00000000a3600000|  0%| F|  |TAMS 0x00000000a3500000, 0x00000000a3500000| Untracked 
|  32|0x00000000a3600000, 0x00000000a3600000, 0x00000000a3700000|  0%| F|  |TAMS 0x00000000a3600000, 0x00000000a3600000| Untracked 
|  33|0x00000000a3700000, 0x00000000a3700000, 0x00000000a3800000|  0%| F|  |TAMS 0x00000000a3700000, 0x00000000a3700000| Untracked 
|  34|0x00000000a3800000, 0x00000000a3800000, 0x00000000a3900000|  0%| F|  |TAMS 0x00000000a3800000, 0x00000000a3800000| Untracked 
|  35|0x00000000a3900000, 0x00000000a3900000, 0x00000000a3a00000|  0%| F|  |TAMS 0x00000000a3900000, 0x00000000a3900000| Untracked 
|  36|0x00000000a3a00000, 0x00000000a3a00000, 0x00000000a3b00000|  0%| F|  |TAMS 0x00000000a3a00000, 0x00000000a3a00000| Untracked 
|  37|0x00000000a3b00000, 0x00000000a3b00000, 0x00000000a3c00000|  0%| F|  |TAMS 0x00000000a3b00000, 0x00000000a3b00000| Untracked 
|  38|0x00000000a3c00000, 0x00000000a3c00000, 0x00000000a3d00000|  0%| F|  |TAMS 0x00000000a3c00000, 0x00000000a3c00000| Untracked 
|  39|0x00000000a3d00000, 0x00000000a3d00000, 0x00000000a3e00000|  0%| F|  |TAMS 0x00000000a3d00000, 0x00000000a3d00000| Untracked 
|  40|0x00000000a3e00000, 0x00000000a3e00000, 0x00000000a3f00000|  0%| F|  |TAMS 0x00000000a3e00000, 0x00000000a3e00000| Untracked 
|  41|0x00000000a3f00000, 0x00000000a3f00000, 0x00000000a4000000|  0%| F|  |TAMS 0x00000000a3f00000, 0x00000000a3f00000| Untracked 
|  42|0x00000000a4000000, 0x00000000a4000000, 0x00000000a4100000|  0%| F|  |TAMS 0x00000000a4000000, 0x00000000a4000000| Untracked 
|  43|0x00000000a4100000, 0x00000000a4100000, 0x00000000a4200000|  0%| F|  |TAMS 0x00000000a4100000, 0x00000000a4100000| Untracked 
|  44|0x00000000a4200000, 0x00000000a4200000, 0x00000000a4300000|  0%| F|  |TAMS 0x00000000a4200000, 0x00000000a4200000| Untracked 
|  45|0x00000000a4300000, 0x00000000a4300000, 0x00000000a4400000|  0%| F|  |TAMS 0x00000000a4300000, 0x00000000a4300000| Untracked 
|  46|0x00000000a4400000, 0x00000000a4400000, 0x00000000a4500000|  0%| F|  |TAMS 0x00000000a4400000, 0x00000000a4400000| Untracked 
|  47|0x00000000a4500000, 0x00000000a4500000, 0x00000000a4600000|  0%| F|  |TAMS 0x00000000a4500000, 0x00000000a4500000| Untracked 
|  48|0x00000000a4600000, 0x00000000a4600000, 0x00000000a4700000|  0%| F|  |TAMS 0x00000000a4600000, 0x00000000a4600000| Untracked 
|  49|0x00000000a4700000, 0x00000000a4700000, 0x00000000a4800000|  0%| F|  |TAMS 0x00000000a4700000, 0x00000000a4700000| Untracked 
|  50|0x00000000a4800000, 0x00000000a4800000, 0x00000000a4900000|  0%| F|  |TAMS 0x00000000a4800000, 0x00000000a4800000| Untracked 
|  51|0x00000000a4900000, 0x00000000a4900000, 0x00000000a4a00000|  0%| F|  |TAMS 0x00000000a4900000, 0x00000000a4900000| Untracked 
|  52|0x00000000a4a00000, 0x00000000a4a00000, 0x00000000a4b00000|  0%| F|  |TAMS 0x00000000a4a00000, 0x00000000a4a00000| Untracked 
|  53|0x00000000a4b00000, 0x00000000a4b00000, 0x00000000a4c00000|  0%| F|  |TAMS 0x00000000a4b00000, 0x00000000a4b00000| Untracked 
|  54|0x00000000a4c00000, 0x00000000a4c00000, 0x00000000a4d00000|  0%| F|  |TAMS 0x00000000a4c00000, 0x00000000a4c00000| Untracked 
|  55|0x00000000a4d00000, 0x00000000a4d00000, 0x00000000a4e00000|  0%| F|  |TAMS 0x00000000a4d00000, 0x00000000a4d00000| Untracked 
|  56|0x00000000a4e00000, 0x00000000a4e00000, 0x00000000a4f00000|  0%| F|  |TAMS 0x00000000a4e00000, 0x00000000a4e00000| Untracked 
|  57|0x00000000a4f00000, 0x00000000a4f00000, 0x00000000a5000000|  0%| F|  |TAMS 0x00000000a4f00000, 0x00000000a4f00000| Untracked 
|  58|0x00000000a5000000, 0x00000000a5000000, 0x00000000a5100000|  0%| F|  |TAMS 0x00000000a5000000, 0x00000000a5000000| Untracked 
|  59|0x00000000a5100000, 0x00000000a5100000, 0x00000000a5200000|  0%| F|  |TAMS 0x00000000a5100000, 0x00000000a5100000| Untracked 
|  60|0x00000000a5200000, 0x00000000a5200000, 0x00000000a5300000|  0%| F|  |TAMS 0x00000000a5200000, 0x00000000a5200000| Untracked 
|  61|0x00000000a5300000, 0x00000000a5300000, 0x00000000a5400000|  0%| F|  |TAMS 0x00000000a5300000, 0x00000000a5300000| Untracked 
|  62|0x00000000a5400000, 0x00000000a5400000, 0x00000000a5500000|  0%| F|  |TAMS 0x00000000a5400000, 0x00000000a5400000| Untracked 
|  63|0x00000000a5500000, 0x00000000a5500000, 0x00000000a5600000|  0%| F|  |TAMS 0x00000000a5500000, 0x00000000a5500000| Untracked 
|  64|0x00000000a5600000, 0x00000000a5600000, 0x00000000a5700000|  0%| F|  |TAMS 0x00000000a5600000, 0x00000000a5600000| Untracked 
|  65|0x00000000a5700000, 0x00000000a5700000, 0x00000000a5800000|  0%| F|  |TAMS 0x00000000a5700000, 0x00000000a5700000| Untracked 
|  66|0x00000000a5800000, 0x00000000a5800000, 0x00000000a5900000|  0%| F|  |TAMS 0x00000000a5800000, 0x00000000a5800000| Untracked 
|  67|0x00000000a5900000, 0x00000000a5900000, 0x00000000a5a00000|  0%| F|  |TAMS 0x00000000a5900000, 0x00000000a5900000| Untracked 
|  68|0x00000000a5a00000, 0x00000000a5a00000, 0x00000000a5b00000|  0%| F|  |TAMS 0x00000000a5a00000, 0x00000000a5a00000| Untracked 
|  69|0x00000000a5b00000, 0x00000000a5b00000, 0x00000000a5c00000|  0%| F|  |TAMS 0x00000000a5b00000, 0x00000000a5b00000| Untracked 
|  70|0x00000000a5c00000, 0x00000000a5c00000, 0x00000000a5d00000|  0%| F|  |TAMS 0x00000000a5c00000, 0x00000000a5c00000| Untracked 
|  71|0x00000000a5d00000, 0x00000000a5d00000, 0x00000000a5e00000|  0%| F|  |TAMS 0x00000000a5d00000, 0x00000000a5d00000| Untracked 
|  72|0x00000000a5e00000, 0x00000000a5e00000, 0x00000000a5f00000|  0%| F|  |TAMS 0x00000000a5e00000, 0x00000000a5e00000| Untracked 
|  73|0x00000000a5f00000, 0x00000000a5f00000, 0x00000000a6000000|  0%| F|  |TAMS 0x00000000a5f00000, 0x00000000a5f00000| Untracked 
|  74|0x00000000a6000000, 0x00000000a6000000, 0x00000000a6100000|  0%| F|  |TAMS 0x00000000a6000000, 0x00000000a6000000| Untracked 
|  75|0x00000000a6100000, 0x00000000a6100000, 0x00000000a6200000|  0%| F|  |TAMS 0x00000000a6100000, 0x00000000a6100000| Untracked 
|  76|0x00000000a6200000, 0x00000000a6200000, 0x00000000a6300000|  0%| F|  |TAMS 0x00000000a6200000, 0x00000000a6200000| Untracked 
|  77|0x00000000a6300000, 0x00000000a6300000, 0x00000000a6400000|  0%| F|  |TAMS 0x00000000a6300000, 0x00000000a6300000| Untracked 
|  78|0x00000000a6400000, 0x00000000a6400000, 0x00000000a6500000|  0%| F|  |TAMS 0x00000000a6400000, 0x00000000a6400000| Untracked 
|  79|0x00000000a6500000, 0x00000000a6500000, 0x00000000a6600000|  0%| F|  |TAMS 0x00000000a6500000, 0x00000000a6500000| Untracked 
|  80|0x00000000a6600000, 0x00000000a6600000, 0x00000000a6700000|  0%| F|  |TAMS 0x00000000a6600000, 0x00000000a6600000| Untracked 
|  81|0x00000000a6700000, 0x00000000a6700000, 0x00000000a6800000|  0%| F|  |TAMS 0x00000000a6700000, 0x00000000a6700000| Untracked 
|  82|0x00000000a6800000, 0x00000000a6800000, 0x00000000a6900000|  0%| F|  |TAMS 0x00000000a6800000, 0x00000000a6800000| Untracked 
|  83|0x00000000a6900000, 0x00000000a6900000, 0x00000000a6a00000|  0%| F|  |TAMS 0x00000000a6900000, 0x00000000a6900000| Untracked 
|  84|0x00000000a6a00000, 0x00000000a6a00000, 0x00000000a6b00000|  0%| F|  |TAMS 0x00000000a6a00000, 0x00000000a6a00000| Untracked 
|  85|0x00000000a6b00000, 0x00000000a6b00000, 0x00000000a6c00000|  0%| F|  |TAMS 0x00000000a6b00000, 0x00000000a6b00000| Untracked 
|  86|0x00000000a6c00000, 0x00000000a6c00000, 0x00000000a6d00000|  0%| F|  |TAMS 0x00000000a6c00000, 0x00000000a6c00000| Untracked 
|  87|0x00000000a6d00000, 0x00000000a6d00000, 0x00000000a6e00000|  0%| F|  |TAMS 0x00000000a6d00000, 0x00000000a6d00000| Untracked 
|  88|0x00000000a6e00000, 0x00000000a6e00000, 0x00000000a6f00000|  0%| F|  |TAMS 0x00000000a6e00000, 0x00000000a6e00000| Untracked 
|  89|0x00000000a6f00000, 0x00000000a6f00000, 0x00000000a7000000|  0%| F|  |TAMS 0x00000000a6f00000, 0x00000000a6f00000| Untracked 
|  90|0x00000000a7000000, 0x00000000a7000000, 0x00000000a7100000|  0%| F|  |TAMS 0x00000000a7000000, 0x00000000a7000000| Untracked 
|  91|0x00000000a7100000, 0x00000000a7100000, 0x00000000a7200000|  0%| F|  |TAMS 0x00000000a7100000, 0x00000000a7100000| Untracked 
|  92|0x00000000a7200000, 0x00000000a7200000, 0x00000000a7300000|  0%| F|  |TAMS 0x00000000a7200000, 0x00000000a7200000| Untracked 
|  93|0x00000000a7300000, 0x00000000a7300000, 0x00000000a7400000|  0%| F|  |TAMS 0x00000000a7300000, 0x00000000a7300000| Untracked 
|  94|0x00000000a7400000, 0x00000000a74c8628, 0x00000000a7500000| 78%| E|  |TAMS 0x00000000a7400000, 0x00000000a7400000| Complete 
|  95|0x00000000a7500000, 0x00000000a7600000, 0x00000000a7600000|100%| E|CS|TAMS 0x00000000a7500000, 0x00000000a7500000| Complete 

Card table byte_map: [0x00000283b23d0000,0x00000283b26d0000] _byte_map_base: 0x00000283b1ec5000

Marking Bits (Prev, Next): (CMBitMap*) 0x000002839a964e68, (CMBitMap*) 0x000002839a964ea8
 Prev Bits: [0x00000283b29d0000, 0x00000283b4178000)
 Next Bits: [0x00000283b4180000, 0x00000283b5928000)

Polling page: 0x000002839a100000

Metaspace:

Usage:
  Non-class:      1.64 MB capacity,     1.58 MB ( 96%) used,    59.72 KB (  4%) free+waste,     5.38 KB ( <1%) overhead. 
      Class:    450.00 KB capacity,   176.80 KB ( 39%) used,   271.02 KB ( 60%) free+waste,     2.19 KB ( <1%) overhead. 
       Both:      2.08 MB capacity,     1.75 MB ( 84%) used,   330.73 KB ( 16%) free+waste,     7.56 KB ( <1%) overhead. 

Virtual space:
  Non-class space:       12.00 MB reserved,       1.75 MB ( 15%) committed 
      Class space:        1.00 GB reserved,     512.00 KB ( <1%) committed 
             Both:        1.01 GB reserved,       2.25 MB ( <1%) committed 

Chunk freelists:
   Non-Class:  49.00 KB
       Class:  0 bytes
        Both:  49.00 KB

MaxMetaspaceSize: 17179869184.00 GB
CompressedClassSpaceSize: 1.00 GB

CodeHeap 'non-profiled nmethods': size=120000Kb used=78Kb max_used=78Kb free=119921Kb
 bounds [0x00000283aaba0000, 0x00000283aae10000, 0x00000283b20d0000]
CodeHeap 'profiled nmethods': size=120000Kb used=247Kb max_used=247Kb free=119753Kb
 bounds [0x00000283a3670000, 0x00000283a38e0000, 0x00000283aaba0000]
CodeHeap 'non-nmethods': size=5760Kb used=1125Kb max_used=1125Kb free=4635Kb
 bounds [0x00000283a30d0000, 0x00000283a3340000, 0x00000283a3670000]
 total_blobs=595 nmethods=226 adapters=282
 compilation: enabled
              stopped_count=0, restarted_count=0
 full_count=0

Compilation events (20 events):
Event: 0.625 Thread 0x00000283b7e3e800 nmethod 203 0x00000283a36aa590 code [0x00000283a36aa740, 0x00000283a36aa918]
Event: 0.627 Thread 0x00000283b7e3e800  205       1       java.lang.invoke.MethodTypeForm::erasedType (5 bytes)
Event: 0.627 Thread 0x00000283b7e3e800 nmethod 205 0x00000283aabb0d10 code [0x00000283aabb0ea0, 0x00000283aabb0f78]
Event: 0.632 Thread 0x00000283b7e3e800  207       3       java.util.Arrays::copyOf (40 bytes)
Event: 0.634 Thread 0x00000283b7e3e800 nmethod 207 0x00000283a36aaa10 code [0x00000283a36aac00, 0x00000283a36ab308]
Event: 0.634 Thread 0x00000283b7e3e800  208       3       java.lang.reflect.Modifier::isStatic (13 bytes)
Event: 0.634 Thread 0x00000283b7e3e800 nmethod 208 0x00000283a36ab510 code [0x00000283a36ab6a0, 0x00000283a36ab7d8]
Event: 0.634 Thread 0x00000283b7e3e800  209       3       java.lang.invoke.MemberName::isStatic (8 bytes)
Event: 0.635 Thread 0x00000283b7e3e800 nmethod 209 0x00000283a36ab890 code [0x00000283a36aba20, 0x00000283a36abbf8]
Event: 0.635 Thread 0x00000283b7e3e800  211       3       java.lang.invoke.LambdaForm::internArgument (85 bytes)
Event: 0.636 Thread 0x00000283b7e3e800 nmethod 211 0x00000283a36abc90 code [0x00000283a36abe60, 0x00000283a36ac208]
Event: 0.637 Thread 0x00000283b7e3e800  213       3       java.lang.invoke.MethodType::checkPtypes (61 bytes)
Event: 0.639 Thread 0x00000283b7e3e800 nmethod 213 0x00000283a36ac410 code [0x00000283a36ac680, 0x00000283a36ad068]
Event: 0.639 Thread 0x00000283b7e3e800  216       3       java.lang.invoke.LambdaForm$Name::initIndex (26 bytes)
Event: 0.639 Thread 0x00000283b7e3e800 nmethod 216 0x00000283a36ad490 code [0x00000283a36ad620, 0x00000283a36ad7d8]
Event: 0.640 Thread 0x00000283b7e3e800  212       3       java.lang.invoke.MemberName::getReferenceKind (12 bytes)
Event: 0.640 Thread 0x00000283b7e3e800 nmethod 212 0x00000283a36ad890 code [0x00000283a36ada20, 0x00000283a36adb58]
Event: 0.640 Thread 0x00000283b7e3e800  218       1       java.lang.invoke.LambdaForm$BasicType::basicTypeClass (5 bytes)
Event: 0.640 Thread 0x00000283b7e3e800 nmethod 218 0x00000283aabb1f10 code [0x00000283aabb20a0, 0x00000283aabb2178]
Event: 0.641 Thread 0x00000283b7e3e800  219       3       jdk.internal.org.objectweb.asm.Frame::execute (2305 bytes)

GC Heap History (0 events):
No events

Deoptimization events (4 events):
Event: 0.260 Thread 0x000002839a929800 Uncommon trap: trap_request=0xffffff45 fr.pc=0x00000283aaba47c8 relative=0x00000000000001e8
Event: 0.260 Thread 0x000002839a929800 Uncommon trap: reason=unstable_if action=reinterpret pc=0x00000283aaba47c8 method=java.lang.String.hashCode()I @ 13 c2
Event: 0.260 Thread 0x000002839a929800 DEOPT PACKING pc=0x00000283aaba47c8 sp=0x000000a9c14fe200
Event: 0.260 Thread 0x000002839a929800 DEOPT UNPACKING pc=0x00000283a311912f sp=0x000000a9c14fe198 mode 2

Classes unloaded (0 events):
No events

Classes redefined (0 events):
No events

Internal exceptions (1 events):
Event: 0.419 Thread 0x000002839a929800 Exception <a 'java/lang/ClassNotFoundException'{0x00000000a740feb8}: sun/awt/resources/spi/awtProvider> (0x00000000a740feb8) 
thrown [./open/src/hotspot/share/classfile/systemDictionary.cpp, line 226]

Events (20 events):
Event: 0.484 loading class sun/awt/resources/awt_en_IN done
Event: 0.485 loading class java/awt/Toolkit$2
Event: 0.485 loading class java/awt/Toolkit$2 done
Event: 0.506 Loaded shared library C:\Program Files\Java\jdk-14.0.2\bin\awt.dll
Event: 0.507 loading class java/awt/Toolkit$1
Event: 0.507 loading class java/awt/Toolkit$1 done
Event: 0.584 loading class java/lang/invoke/BoundMethodHandle$Species_LL
Event: 0.585 loading class java/lang/invoke/BoundMethodHandle$Species_LL done
Event: 0.592 loading class java/lang/invoke/BoundMethodHandle$Species_LLL
Event: 0.593 loading class java/lang/invoke/BoundMethodHandle$Species_LLL done
Event: 0.608 loading class java/lang/invoke/BoundMethodHandle$Species_LLLL
Event: 0.609 loading class java/lang/invoke/BoundMethodHandle$Species_LLLL done
Event: 0.616 loading class java/lang/invoke/BoundMethodHandle$Species_LLLLL
Event: 0.616 loading class java/lang/invoke/BoundMethodHandle$Species_LLLLL done
Event: 0.625 loading class java/lang/invoke/BoundMethodHandle$Species_LJ
Event: 0.625 loading class java/lang/invoke/BoundMethodHandle$Species_LJ done
Event: 0.631 loading class java/lang/invoke/BoundMethodHandle$Species_LLLLLL
Event: 0.632 loading class java/lang/invoke/BoundMethodHandle$Species_LLLLLL done
Event: 0.642 loading class java/lang/invoke/BoundMethodHandle$Species_LLLLLLL
Event: 0.643 loading class java/lang/invoke/BoundMethodHandle$Species_LLLLLLL done


Dynamic libraries:
0x00007ff7723f0000 - 0x00007ff7723ff000 	C:\Program Files\Java\jdk-14.0.2\bin\javaw.exe
0x00007ffdfdac0000 - 0x00007ffdfdca0000 	C:\Windows\SYSTEM32\ntdll.dll
0x00007ffdfcfe0000 - 0x00007ffdfd08e000 	C:\Windows\System32\KERNEL32.DLL
0x00007ffdfad20000 - 0x00007ffdfaf86000 	C:\Windows\System32\KERNELBASE.dll
0x00007ffdfa430000 - 0x00007ffdfa526000 	C:\Windows\System32\ucrtbase.dll
0x00007ffdf3d10000 - 0x00007ffdf3d25000 	C:\Program Files\Java\jdk-14.0.2\bin\VCRUNTIME140.dll
0x00007ffdf3a90000 - 0x00007ffdf3aa8000 	C:\Program Files\Java\jdk-14.0.2\bin\jli.dll
0x00007ffdfd430000 - 0x00007ffdfd4d1000 	C:\Windows\System32\ADVAPI32.dll
0x00007ffdfcdb0000 - 0x00007ffdfce4d000 	C:\Windows\System32\msvcrt.dll
0x00007ffdfcd50000 - 0x00007ffdfcdab000 	C:\Windows\System32\sechost.dll
0x00007ffdfb440000 - 0x00007ffdfb55f000 	C:\Windows\System32\RPCRT4.dll
0x00007ffdfce50000 - 0x00007ffdfcfdf000 	C:\Windows\System32\USER32.dll
0x00007ffdfac80000 - 0x00007ffdfaca0000 	C:\Windows\System32\win32u.dll
0x00007ffde8e40000 - 0x00007ffde90a9000 	C:\Windows\WinSxS\amd64_microsoft.windows.common-controls_6595b64144ccf1df_6.0.16299.309_none_15cfd4c4935e6b11\COMCTL32.dll
0x00007ffdfd9b0000 - 0x00007ffdfd9d8000 	C:\Windows\System32\GDI32.dll
0x00007ffdfa290000 - 0x00007ffdfa423000 	C:\Windows\System32\gdi32full.dll
0x00007ffdfd680000 - 0x00007ffdfd988000 	C:\Windows\System32\combase.dll
0x00007ffdfa140000 - 0x00007ffdfa1db000 	C:\Windows\System32\msvcp_win.dll
0x00007ffdfaca0000 - 0x00007ffdfad12000 	C:\Windows\System32\bcryptPrimitives.dll
0x00007ffdebac0000 - 0x00007ffdebaca000 	C:\Windows\SYSTEM32\VERSION.dll
0x00007ffdfca10000 - 0x00007ffdfca3d000 	C:\Windows\System32\IMM32.DLL
0x00007ffde3890000 - 0x00007ffde392b000 	C:\Program Files\Java\jdk-14.0.2\bin\msvcp140.dll
0x00007ffdd30d0000 - 0x00007ffdd3bee000 	C:\Program Files\Java\jdk-14.0.2\bin\server\jvm.dll
0x00007ffdfd9e0000 - 0x00007ffdfd9e8000 	C:\Windows\System32\PSAPI.DLL
0x00007ffdf3f70000 - 0x00007ffdf3f79000 	C:\Windows\SYSTEM32\WSOCK32.dll
0x00007ffdf8090000 - 0x00007ffdf80b3000 	C:\Windows\SYSTEM32\WINMM.dll
0x00007ffdfd3c0000 - 0x00007ffdfd42c000 	C:\Windows\System32\WS2_32.dll
0x00007ffdf8060000 - 0x00007ffdf808a000 	C:\Windows\SYSTEM32\winmmbase.dll
0x00007ffdf9ec0000 - 0x00007ffdf9f0a000 	C:\Windows\System32\cfgmgr32.dll
0x00007ffdf9ea0000 - 0x00007ffdf9eb1000 	C:\Windows\System32\kernel.appcore.dll
0x00007ffdf3f60000 - 0x00007ffdf3f6a000 	C:\Program Files\Java\jdk-14.0.2\bin\jimage.dll
0x00007ffdd9f70000 - 0x00007ffdda138000 	C:\Windows\SYSTEM32\DBGHELP.DLL
0x00007ffdd9f40000 - 0x00007ffdd9f69000 	C:\Windows\SYSTEM32\dbgcore.DLL
0x00007ffdde0a0000 - 0x00007ffdde0c5000 	C:\Program Files\Java\jdk-14.0.2\bin\java.dll
0x00007ffde6570000 - 0x00007ffde6586000 	C:\Program Files\Java\jdk-14.0.2\bin\zip.dll
0x00007ffdfb570000 - 0x00007ffdfc9a6000 	C:\Windows\System32\SHELL32.dll
0x00007ffdfd090000 - 0x00007ffdfd136000 	C:\Windows\System32\shcore.dll
0x00007ffdfa530000 - 0x00007ffdfac77000 	C:\Windows\System32\windows.storage.dll
0x00007ffdfd360000 - 0x00007ffdfd3b1000 	C:\Windows\System32\shlwapi.dll
0x00007ffdf9e10000 - 0x00007ffdf9e5c000 	C:\Windows\System32\powrprof.dll
0x00007ffdf9e80000 - 0x00007ffdf9e9b000 	C:\Windows\System32\profapi.dll
0x00007ffddf4e0000 - 0x00007ffddf679000 	C:\Program Files\Java\jdk-14.0.2\bin\awt.dll
0x00007ffdfd290000 - 0x00007ffdfd355000 	C:\Windows\System32\OLEAUT32.dll
0x00007ffdf82c0000 - 0x00007ffdf8348000 	C:\Windows\SYSTEM32\apphelp.dll

dbghelp: loaded successfully - version: 4.0.5 - missing functions: none
symbol engine: initialized successfully - sym options: 0x614 - pdb path: .;C:\Program Files\Java\jdk-14.0.2\bin;C:\Windows\SYSTEM32;C:\Windows\WinSxS\amd64_microsoft.windows.common-controls_6595b64144ccf1df_6.0.16299.309_none_15cfd4c4935e6b11;C:\Program Files\Java\jdk-14.0.2\bin\server

VM Arguments:
jvm_args: -Dfile.encoding=Cp1252 
java_command: Gui.ConnectGui
java_class_path (initial): C:\Users\Rajeswar Sharma\eclipse-workspace\Project\bin
Launcher Type: SUN_STANDARD

[Global flags]
     intx CICompilerCount                          = 3                                         {product} {ergonomic}
     uint ConcGCThreads                            = 1                                         {product} {ergonomic}
     uint G1ConcRefinementThreads                  = 4                                         {product} {ergonomic}
   size_t G1HeapRegionSize                         = 1048576                                   {product} {ergonomic}
    uintx GCDrainStackTargetSize                   = 64                                        {product} {ergonomic}
   size_t InitialHeapSize                          = 100663296                                 {product} {ergonomic}
   size_t MarkStackSize                            = 4194304                                   {product} {ergonomic}
   size_t MaxHeapSize                              = 1587544064                                {product} {ergonomic}
   size_t MaxNewSize                               = 952107008                                 {product} {ergonomic}
   size_t MinHeapDeltaBytes                        = 1048576                                   {product} {ergonomic}
   size_t MinHeapSize                              = 8388608                                   {product} {ergonomic}
    uintx NonNMethodCodeHeapSize                   = 5832780                                {pd product} {ergonomic}
    uintx NonProfiledCodeHeapSize                  = 122912730                              {pd product} {ergonomic}
    uintx ProfiledCodeHeapSize                     = 122912730                              {pd product} {ergonomic}
    uintx ReservedCodeCacheSize                    = 251658240                              {pd product} {ergonomic}
     bool SegmentedCodeCache                       = true                                      {product} {ergonomic}
   size_t SoftMaxHeapSize                          = 1587544064                             {manageable} {ergonomic}
     bool UseCompressedClassPointers               = true                                 {lp64_product} {ergonomic}
     bool UseCompressedOops                        = true                                 {lp64_product} {ergonomic}
     bool UseG1GC                                  = true                                      {product} {ergonomic}
     bool UseLargePagesIndividualAllocation        = false                                  {pd product} {ergonomic}

Logging:
Log output configuration:
 #0: stdout all=warning uptime,level,tags
 #1: stderr all=off uptime,level,tags

Environment Variables:
JAVA_HOME=C:\Program Files\Java\jdk-14.0.2
PATH=C:/Program Files/Java/jdk-14.0.2/bin/server;C:/Program Files/Java/jdk-14.0.2/bin;C:\oraclexe\app\oracle\product\10.2.0\server\bin;C:\Windows\system32;C:\Windows;C:\Windows\System32\Wbem;C:\Windows\System32\WindowsPowerShell\v1.0\;C:\Program Files (x86)\Intel\OpenCL SDK\2.0\bin\x86;C:\Program Files (x86)\Intel\OpenCL SDK\2.0\bin\x64;C:\Program Files\Git\cmd;C:\Program Files\Java\jdk-14.0.2\bin;C:\Users\Rajeswar Sharma\AppData\Local\Programs\Python\Python38-32\Scripts\;C:\Users\Rajeswar Sharma\AppData\Local\Programs\Python\Python38-32\;C:\Users\Rajeswar Sharma\AppData\Local\Microsoft\WindowsApps;C:\Users\Rajeswar Sharma\eclipse\java-2020-06\eclipse;
USERNAME=Rajeswar Sharma
OS=Windows_NT
PROCESSOR_IDENTIFIER=Intel64 Family 6 Model 42 Stepping 7, GenuineIntel



---------------  S Y S T E M  ---------------

OS: Windows 10 , 64 bit Build 16299 (10.0.16299.15)
OS uptime: 8 days 5:11 hours

CPU:total 4 (initial active 4) (2 cores per cpu, 2 threads per core) family 6 model 42 stepping 7, cmov, cx8, fxsr, mmx, sse, sse2, sse3, ssse3, sse4.1, sse4.2, popcnt, avx, clmul, ht, tsc, tscinvbit

Memory: 4k page, system-wide physical 6052M (1327M free)
TotalPageFile size 24484M (AvailPageFile size 0M)
current process WorkingSet (physical memory assigned to process): 35M, peak: 35M
current process commit charge ("private bytes"): 170M, peak: 170M

vm_info: Java HotSpot(TM) 64-Bit Server VM (14.0.2+12-46) for windows-amd64 JRE (14.0.2+12-46), built on Jul  9 2020 00:35:52 by "mach5one" with MS VC++ 15.9 (VS2017)

END.
